Determining if the pthread_create exist failed with the following output:
Change Dir: /home/anushk/local_ws/build/CMakeFiles/CMakeTmp

Run Build Command:/usr/bin/make "cmTryCompileExec3879236559/fast"
/usr/bin/make -f CMakeFiles/cmTryCompileExec3879236559.dir/build.make CMakeFiles/cmTryCompileExec3879236559.dir/build
make[1]: Entering directory `/home/anushk/local_ws/build/CMakeFiles/CMakeTmp'
/usr/bin/cmake -E cmake_progress_report /home/anushk/local_ws/build/CMakeFiles/CMakeTmp/CMakeFiles 1
Building C object CMakeFiles/cmTryCompileExec3879236559.dir/CheckSymbolExists.c.o
/usr/bin/cc    -o CMakeFiles/cmTryCompileExec3879236559.dir/CheckSymbolExists.c.o   -c /home/anushk/local_ws/build/CMakeFiles/CMakeTmp/CheckSymbolExists.c
Linking C executable cmTryCompileExec3879236559
/usr/bin/cmake -E cmake_link_script CMakeFiles/cmTryCompileExec3879236559.dir/link.txt --verbose=1
/usr/bin/cc       CMakeFiles/cmTryCompileExec3879236559.dir/CheckSymbolExists.c.o  -o cmTryCompileExec3879236559 -rdynamic 
CMakeFiles/cmTryCompileExec3879236559.dir/CheckSymbolExists.c.o: In function `main':
CheckSymbolExists.c:(.text+0x16): undefined reference to `pthread_create'
collect2: error: ld returned 1 exit status
make[1]: *** [cmTryCompileExec3879236559] Error 1
make[1]: Leaving directory `/home/anushk/local_ws/build/CMakeFiles/CMakeTmp'
make: *** [cmTryCompileExec3879236559/fast] Error 2

File /home/anushk/local_ws/build/CMakeFiles/CMakeTmp/CheckSymbolExists.c:
/* */
#include <pthread.h>

int main(int argc, char** argv)
{
  (void)argv;
#ifndef pthread_create
  return ((int*)(&pthread_create))[argc];
#else
  (void)argc;
  return 0;
#endif
}

Determining if the function pthread_create exists in the pthreads failed with the following output:
Change Dir: /home/anushk/local_ws/build/CMakeFiles/CMakeTmp

Run Build Command:/usr/bin/make "cmTryCompileExec1343046517/fast"
/usr/bin/make -f CMakeFiles/cmTryCompileExec1343046517.dir/build.make CMakeFiles/cmTryCompileExec1343046517.dir/build
make[1]: Entering directory `/home/anushk/local_ws/build/CMakeFiles/CMakeTmp'
/usr/bin/cmake -E cmake_progress_report /home/anushk/local_ws/build/CMakeFiles/CMakeTmp/CMakeFiles 1
Building C object CMakeFiles/cmTryCompileExec1343046517.dir/CheckFunctionExists.c.o
/usr/bin/cc   -DCHECK_FUNCTION_EXISTS=pthread_create   -o CMakeFiles/cmTryCompileExec1343046517.dir/CheckFunctionExists.c.o   -c /usr/share/cmake-2.8/Modules/CheckFunctionExists.c
Linking C executable cmTryCompileExec1343046517
/usr/bin/cmake -E cmake_link_script CMakeFiles/cmTryCompileExec1343046517.dir/link.txt --verbose=1
/usr/bin/cc   -DCHECK_FUNCTION_EXISTS=pthread_create    CMakeFiles/cmTryCompileExec1343046517.dir/CheckFunctionExists.c.o  -o cmTryCompileExec1343046517 -rdynamic -lpthreads 
/usr/bin/ld: cannot find -lpthreads
collect2: error: ld returned 1 exit status
make[1]: *** [cmTryCompileExec1343046517] Error 1
make[1]: Leaving directory `/home/anushk/local_ws/build/CMakeFiles/CMakeTmp'
make: *** [cmTryCompileExec1343046517/fast] Error 2


